[h264 @ 000001c3192d3e00] non-existing SPS 0 referenced in buffering period
    Last message repeated 1 times
[h264 @ 000001c3192d3e00] Increasing reorder buffer to 2
[h264 @ 000001c3192d3e00] Increasing reorder buffer to 3
[h264 @ 000001d6c24d3e00] non-existing SPS 0 referenced in buffering period
    Last message repeated 1 times
[h264 @ 000001d6c24d3e00] Increasing reorder buffer to 2
[h264 @ 000001d6c24d3e00] Increasing reorder buffer to 3
[h264 @ 00000221a4b53e00] non-existing SPS 0 referenced in buffering period
    Last message repeated 1 times
[h264 @ 00000221a4b53e00] Increasing reorder buffer to 2
[h264 @ 00000221a56307c0] Increasing reorder buffer to 3
[h264 @ 000001ae05013e00] non-existing SPS 0 referenced in buffering period
    Last message repeated 1 times
[h264 @ 000001ae05013e00] Increasing reorder buffer to 2
[h264 @ 000001ae05f19f80] Increasing reorder buffer to 3
[h264 @ 000001f2b0823e00] non-existing SPS 0 referenced in buffering period
[h264 @ 000001f2b0823e00] non-existing PPS 0 referenced
[h264 @ 000001f2b0823e00] non-existing SPS 0 referenced in buffering period
[h264 @ 000001f2b0823e00] non-existing PPS 0 referenced
[h264 @ 000001f2b0823e00] no frame!
[h264 @ 000001f2b0823e00] non-existing PPS 0 referenced
    Last message repeated 1 times
[h264 @ 000001f2b0823e00] no frame!
[h264 @ 000001f2b0823e00] non-existing PPS 0 referenced
    Last message repeated 1 times
[h264 @ 000001f2b0823e00] no frame!
[h264 @ 000001f2b0823e00] non-existing PPS 0 referenced
    Last message repeated 1 times
[h264 @ 000001f2b0823e00] no frame!
[h264 @ 000001f2b0823e00] non-existing PPS 0 referenced
    Last message repeated 1 times
[h264 @ 000001f2b0823e00] no frame!
[h264 @ 000001f2b0823e00] non-existing PPS 0 referenced
    Last message repeated 1 times
[h264 @ 000001f2b0823e00] no frame!
[h264 @ 000001f2b0823e00] non-existing PPS 0 referenced
    Last message repeated 1 times
[h264 @ 000001f2b0823e00] no frame!
[h264 @ 000001f2b0823e00] non-existing PPS 0 referenced
    Last message repeated 1 times
[h264 @ 000001f2b0823e00] no frame!
[h264 @ 000001f2b0823e00] non-existing PPS 0 referenced
    Last message repeated 1 times
[h264 @ 000001f2b0823e00] no frame!
[h264 @ 000001f2b0823e00] non-existing PPS 0 referenced
    Last message repeated 1 times
[h264 @ 000001f2b0823e00] no frame!
[h264 @ 000001f2b0823e00] non-existing PPS 0 referenced
    Last message repeated 1 times
[h264 @ 000001f2b0823e00] no frame!
[h264 @ 000001f2b0823e00] non-existing PPS 0 referenced
    Last message repeated 1 times
[h264 @ 000001f2b0823e00] no frame!
[h264 @ 000001f2b0823e00] non-existing PPS 0 referenced
    Last message repeated 1 times
[h264 @ 000001f2b0823e00] no frame!
[h264 @ 000001f2b0823e00] non-existing PPS 0 referenced
    Last message repeated 1 times
[h264 @ 000001f2b0823e00] no frame!
[h264 @ 000001f2b0823e00] non-existing PPS 0 referenced
    Last message repeated 1 times
[h264 @ 000001f2b0823e00] no frame!
[h264 @ 000001f2b0823e00] non-existing PPS 0 referenced
    Last message repeated 1 times
[h264 @ 000001f2b0823e00] no frame!
[h264 @ 000001f2b0823e00] non-existing PPS 0 referenced
    Last message repeated 1 times
[h264 @ 000001f2b0823e00] no frame!
[h264 @ 000001f2b0823e00] non-existing PPS 0 referenced
    Last message repeated 1 times
[h264 @ 000001f2b0823e00] no frame!
[h264 @ 000001f2b0823e00] non-existing PPS 0 referenced
    Last message repeated 1 times
[h264 @ 000001f2b0823e00] no frame!
[h264 @ 000001f2b0823e00] non-existing PPS 0 referenced
    Last message repeated 1 times
[h264 @ 000001f2b0823e00] no frame!
[h264 @ 000001f2b0823e00] non-existing PPS 0 referenced
    Last message repeated 1 times
[h264 @ 000001f2b0823e00] no frame!
[h264 @ 000001f2b0823e00] non-existing PPS 0 referenced
    Last message repeated 1 times
[h264 @ 000001f2b0823e00] no frame!
[h264 @ 000001f2b0823e00] non-existing PPS 0 referenced
    Last message repeated 1 times
[h264 @ 000001f2b0823e00] no frame!
[h264 @ 000001f2b0823e00] non-existing PPS 0 referenced
    Last message repeated 1 times
[h264 @ 000001f2b0823e00] no frame!
[h264 @ 000001f2b0823e00] non-existing PPS 0 referenced
    Last message repeated 1 times
[h264 @ 000001f2b0823e00] no frame!
[h264 @ 000001f2b0823e00] non-existing PPS 0 referenced
    Last message repeated 1 times
[h264 @ 000001f2b0823e00] no frame!
[h264 @ 000001f2b0823e00] non-existing PPS 0 referenced
    Last message repeated 1 times
[h264 @ 000001f2b0823e00] no frame!
[h264 @ 000001f2b0823e00] non-existing PPS 0 referenced
    Last message repeated 1 times
[h264 @ 000001f2b0823e00] no frame!
[h264 @ 000001f2b0823e00] non-existing PPS 0 referenced
    Last message repeated 1 times
[h264 @ 000001f2b0823e00] no frame!
[h264 @ 000001f2b0823e00] non-existing PPS 0 referenced
    Last message repeated 1 times
[h264 @ 000001f2b0823e00] no frame!
[h264 @ 000001f2b0823e00] non-existing PPS 0 referenced
    Last message repeated 1 times
[h264 @ 000001f2b0823e00] no frame!
[h264 @ 000001f2b0823e00] non-existing PPS 0 referenced
    Last message repeated 1 times
[h264 @ 000001f2b0823e00] no frame!
[h264 @ 000001f2b0823e00] non-existing PPS 0 referenced
    Last message repeated 1 times
[h264 @ 000001f2b0823e00] no frame!
[h264 @ 000001f2b0823e00] non-existing PPS 0 referenced
    Last message repeated 1 times
[h264 @ 000001f2b0823e00] no frame!
[h264 @ 000001f2b0823e00] non-existing PPS 0 referenced
    Last message repeated 1 times
[h264 @ 000001f2b0823e00] no frame!
[h264 @ 000001f2b0823e00] non-existing PPS 0 referenced
    Last message repeated 1 times
[h264 @ 000001f2b0823e00] no frame!
[h264 @ 000001f2b0823e00] non-existing PPS 0 referenced
    Last message repeated 1 times
[h264 @ 000001f2b0823e00] no frame!
[h264 @ 000001f2b0823e00] non-existing PPS 0 referenced
    Last message repeated 1 times
[h264 @ 000001f2b0823e00] no frame!
[h264 @ 000001f2b0823e00] non-existing PPS 0 referenced
    Last message repeated 1 times
[h264 @ 000001f2b0823e00] no frame!
[h264 @ 000001f2b0823e00] non-existing PPS 0 referenced
    Last message repeated 1 times
[h264 @ 000001f2b0823e00] no frame!
[h264 @ 000001f2b0823e00] non-existing PPS 0 referenced
    Last message repeated 1 times
[h264 @ 000001f2b0823e00] no frame!
[h264 @ 000001f2b0823e00] non-existing PPS 0 referenced
    Last message repeated 1 times
[h264 @ 000001f2b0823e00] no frame!
[h264 @ 000001f2b0823e00] non-existing PPS 0 referenced
    Last message repeated 1 times
[h264 @ 000001f2b0823e00] no frame!
[h264 @ 000001f2b0823e00] non-existing PPS 0 referenced
    Last message repeated 1 times
[h264 @ 000001f2b0823e00] no frame!
[h264 @ 000001f2b0823e00] non-existing PPS 0 referenced
    Last message repeated 1 times
[h264 @ 000001f2b0823e00] no frame!
[h264 @ 000001f2b0823e00] non-existing SPS 0 referenced in buffering period
    Last message repeated 1 times
[h264 @ 000001f2b0823e00] Increasing reorder buffer to 2
[h264 @ 000001f2b11a9440] Increasing reorder buffer to 3
[h264 @ 00000287c6713e00] non-existing SPS 0 referenced in buffering period
    Last message repeated 1 times
[h264 @ 00000287c6713e00] Increasing reorder buffer to 2
[h264 @ 00000287c6713e00] Increasing reorder buffer to 3
[h264 @ 000001599a4c3e00] non-existing SPS 0 referenced in buffering period
    Last message repeated 1 times
[h264 @ 000001599a4c3e00] Increasing reorder buffer to 2
[h264 @ 000001599a4c3e00] Increasing reorder buffer to 3
[aist#0:1/aac @ 000001599a4cdc80] Resumed reading at pts 11.904 with rate 1.050 after a lag of 3.221s
[vist#0:0/h264 @ 000001599a4c6980] Resumed reading at pts 15.396 with rate 1.050 after a lag of 3.047s
[h264 @ 0000025ecc103e00] non-existing SPS 0 referenced in buffering period
[h264 @ 0000025ecc103e00] non-existing PPS 0 referenced
[h264 @ 0000025ecc103e00] non-existing SPS 0 referenced in buffering period
[h264 @ 0000025ecc103e00] non-existing PPS 0 referenced
[h264 @ 0000025ecc103e00] no frame!
[h264 @ 0000025ecc103e00] non-existing PPS 0 referenced
    Last message repeated 1 times
[h264 @ 0000025ecc103e00] no frame!
[h264 @ 0000025ecc103e00] non-existing PPS 0 referenced
    Last message repeated 1 times
[h264 @ 0000025ecc103e00] no frame!
[h264 @ 0000025ecc103e00] non-existing PPS 0 referenced
    Last message repeated 1 times
[h264 @ 0000025ecc103e00] no frame!
[h264 @ 0000025ecc103e00] non-existing PPS 0 referenced
    Last message repeated 1 times
[h264 @ 0000025ecc103e00] no frame!
[h264 @ 0000025ecc103e00] non-existing PPS 0 referenced
    Last message repeated 1 times
[h264 @ 0000025ecc103e00] no frame!
[h264 @ 0000025ecc103e00] non-existing PPS 0 referenced
    Last message repeated 1 times
[h264 @ 0000025ecc103e00] no frame!
[h264 @ 0000025ecc103e00] non-existing PPS 0 referenced
    Last message repeated 1 times
[h264 @ 0000025ecc103e00] no frame!
[h264 @ 0000025ecc103e00] non-existing PPS 0 referenced
    Last message repeated 1 times
[h264 @ 0000025ecc103e00] no frame!
[h264 @ 0000025ecc103e00] non-existing PPS 0 referenced
    Last message repeated 1 times
[h264 @ 0000025ecc103e00] no frame!
[h264 @ 0000025ecc103e00] non-existing PPS 0 referenced
    Last message repeated 1 times
[h264 @ 0000025ecc103e00] no frame!
[h264 @ 0000025ecc103e00] non-existing PPS 0 referenced
    Last message repeated 1 times
[h264 @ 0000025ecc103e00] no frame!
[h264 @ 0000025ecc103e00] non-existing PPS 0 referenced
    Last message repeated 1 times
[h264 @ 0000025ecc103e00] no frame!
[h264 @ 0000025ecc103e00] non-existing PPS 0 referenced
    Last message repeated 1 times
[h264 @ 0000025ecc103e00] no frame!
[h264 @ 0000025ecc103e00] non-existing PPS 0 referenced
    Last message repeated 1 times
[h264 @ 0000025ecc103e00] no frame!
[h264 @ 0000025ecc103e00] non-existing PPS 0 referenced
    Last message repeated 1 times
[h264 @ 0000025ecc103e00] no frame!
[h264 @ 0000025ecc103e00] non-existing PPS 0 referenced
    Last message repeated 1 times
[h264 @ 0000025ecc103e00] no frame!
[h264 @ 0000025ecc103e00] non-existing PPS 0 referenced
    Last message repeated 1 times
[h264 @ 0000025ecc103e00] no frame!
[h264 @ 0000025ecc103e00] non-existing PPS 0 referenced
    Last message repeated 1 times
[h264 @ 0000025ecc103e00] no frame!
[h264 @ 0000025ecc103e00] non-existing PPS 0 referenced
    Last message repeated 1 times
[h264 @ 0000025ecc103e00] no frame!
[h264 @ 0000025ecc103e00] non-existing PPS 0 referenced
    Last message repeated 1 times
[h264 @ 0000025ecc103e00] no frame!
[h264 @ 0000025ecc103e00] non-existing PPS 0 referenced
    Last message repeated 1 times
[h264 @ 0000025ecc103e00] no frame!
[h264 @ 0000025ecc103e00] non-existing PPS 0 referenced
    Last message repeated 1 times
[h264 @ 0000025ecc103e00] no frame!
[h264 @ 0000025ecc103e00] non-existing PPS 0 referenced
    Last message repeated 1 times
[h264 @ 0000025ecc103e00] no frame!
[h264 @ 0000025ecc103e00] non-existing PPS 0 referenced
    Last message repeated 1 times
[h264 @ 0000025ecc103e00] no frame!
[h264 @ 0000025ecc103e00] non-existing SPS 0 referenced in buffering period
[h264 @ 0000025ecc103e00] non-existing PPS 0 referenced
[h264 @ 0000025ecc103e00] non-existing SPS 0 referenced in buffering period
[h264 @ 0000025ecc103e00] non-existing PPS 0 referenced
[h264 @ 0000025ecc103e00] no frame!
[h264 @ 0000025ecc103e00] non-existing PPS 0 referenced
    Last message repeated 1 times
[h264 @ 0000025ecc103e00] no frame!
[h264 @ 0000025ecc103e00] non-existing SPS 0 referenced in buffering period
    Last message repeated 1 times
[h264 @ 0000025ecc103e00] Increasing reorder buffer to 2
